<?xml version="1.0" encoding="UTF-8"?>
<!-- Generated by org.testng.reporters.JUnitReportReporter -->
<testsuite hostname="LAPTOP-GCEPLDKO" failures="0" tests="2" name="com.calibt.TestRunner.TestRunneer" time="39.189" errors="0" timestamp="2021-08-08T12:34:12 PDT" skipped="0">
  <testcase classname="com.calibt.TestRunner.TestRunneer" name="feature" time="21.348"/>
  <system-out/>
  <testcase classname="com.calibt.TestRunner.TestRunneer" name="feature" time="17.841"/>
  <system-out/>
</testsuite> <!-- com.calibt.TestRunner.TestRunneer -->
